<?xml version="1.0" encoding="UTF-8"?>
<!-- Generated by org.testng.reporters.JUnitReportReporter -->
<testsuite name="LoginPage" tests="1" time="0.007" ignored="0" failures="0" timestamp="25 Nov 2018 03:58:42 GMT" skipped="0" hostname="LAPTOP-HKIO4UCA" errors="0">
  <testcase name="TestFlow" time="0.007" classname="LoginPage"/>
</testsuite> <!-- LoginPage -->
